# JRE version: OpenJDK Runtime Environment Microsoft-25199 (11.0.12+7) (build 11.0.12+7)
# Java VM: OpenJDK 64-Bit Server VM Microsoft-25199 (11.0.12+7, mixed mode, tiered, compressed oops, g1 gc, windows-amd64)
Heap:
 garbage-first heap   total 395264K, used 337059K [0x00000000c0000000, 0x0000000100000000)
  region size 1024K, 219 young (224256K), 15 survivors (15360K)
 Metaspace       used 21268K, capacity 21641K, committed 22140K, reserved 1069056K
  class space    used 2236K, capacity 2424K, committed 2684K, reserved 1048576K
GC Heap History (20 events):
Event: 16.334 GC heap after
{Heap after GC invocations=20 (full 0):
 garbage-first heap   total 395264K, used 108508K [0x00000000c0000000, 0x0000000100000000)
  region size 1024K, 5 young (5120K), 5 survivors (5120K)
 Metaspace       used 21108K, capacity 21552K, committed 22140K, reserved 1069056K
  class space    used 2230K, capacity 2417K, committed 2684K, reserved 1048576K
}
Event: 16.405 GC heap before
{Heap before GC invocations=20 (full 0):
 garbage-first heap   total 395264K, used 122844K [0x00000000c0000000, 0x0000000100000000)
  region size 1024K, 19 young (19456K), 5 survivors (5120K)
 Metaspace       used 21111K, capacity 21552K, committed 22140K, reserved 1069056K
  class space    used 2230K, capacity 2417K, committed 2684K, reserved 1048576K
}
Event: 16.427 GC heap after
{Heap after GC invocations=21 (full 0):
 garbage-first heap   total 395264K, used 105550K [0x00000000c0000000, 0x0000000100000000)
  region size 1024K, 1 young (1024K), 1 survivors (1024K)
 Metaspace       used 21111K, capacity 21552K, committed 22140K, reserved 1069056K
  class space    used 2230K, capacity 2417K, committed 2684K, reserved 1048576K
}
Event: 17.465 GC heap before
{Heap before GC invocations=21 (full 0):
 garbage-first heap   total 395264K, used 332878K [0x00000000c0000000, 0x0000000100000000)
  region size 1024K, 223 young (228352K), 1 survivors (1024K)
 Metaspace       used 21138K, capacity 21563K, committed 22140K, reserved 1069056K
  class space    used 2231K, capacity 2420K, committed 2684K, reserved 1048576K
}
Event: 17.480 GC heap after
{Heap after GC invocations=22 (full 0):
 garbage-first heap   total 395264K, used 107748K [0x00000000c0000000, 0x0000000100000000)
  region size 1024K, 3 young (3072K), 3 survivors (3072K)
 Metaspace       used 21138K, capacity 21563K, committed 22140K, reserved 1069056K
  class space    used 2231K, capacity 2420K, committed 2684K, reserved 1048576K
}
Event: 18.505 GC heap before
{Heap before GC invocations=22 (full 0):
 garbage-first heap   total 395264K, used 335076K [0x00000000c0000000, 0x0000000100000000)
  region size 1024K, 225 young (230400K), 3 survivors (3072K)
 Metaspace       used 21145K, capacity 21563K, committed 22140K, reserved 1069056K
  class space    used 2231K, capacity 2420K, committed 2684K, reserved 1048576K
}
Event: 18.522 GC heap after
{Heap after GC invocations=23 (full 0):
 garbage-first heap   total 395264K, used 110501K [0x00000000c0000000, 0x0000000100000000)
  region size 1024K, 6 young (6144K), 6 survivors (6144K)
 Metaspace       used 21145K, capacity 21563K, committed 22140K, reserved 1069056K
  class space    used 2231K, capacity 2420K, committed 2684K, reserved 1048576K
}
Event: 19.545 GC heap before
{Heap before GC invocations=23 (full 0):
 garbage-first heap   total 395264K, used 336805K [0x00000000c0000000, 0x0000000100000000)
  region size 1024K, 227 young (232448K), 6 survivors (6144K)
 Metaspace       used 21172K, capacity 21564K, committed 22140K, reserved 1069056K
  class space    used 2233K, capacity 2420K, committed 2684K, reserved 1048576K
}
Event: 19.569 GC heap after
{Heap after GC invocations=24 (full 0):
 garbage-first heap   total 395264K, used 113387K [0x00000000c0000000, 0x0000000100000000)
  region size 1024K, 9 young (9216K), 9 survivors (9216K)
 Metaspace       used 21172K, capacity 21564K, committed 22140K, reserved 1069056K
  class space    used 2233K, capacity 2420K, committed 2684K, reserved 1048576K
}
Event: 20.649 GC heap before
{Heap before GC invocations=24 (full 0):
 garbage-first heap   total 395264K, used 339691K [0x00000000c0000000, 0x0000000100000000)
  region size 1024K, 229 young (234496K), 9 survivors (9216K)
 Metaspace       used 21202K, capacity 21628K, committed 22140K, reserved 1069056K
  class space    used 2234K, capacity 2420K, committed 2684K, reserved 1048576K
}
Event: 20.686 GC heap after
{Heap after GC invocations=25 (full 0):
 garbage-first heap   total 395264K, used 117314K [0x00000000c0000000, 0x0000000100000000)
  region size 1024K, 12 young (12288K), 12 survivors (12288K)
 Metaspace       used 21202K, capacity 21628K, committed 22140K, reserved 1069056K
  class space    used 2234K, capacity 2420K, committed 2684K, reserved 1048576K
}
Event: 21.618 GC heap before
{Heap before GC invocations=25 (full 0):
 garbage-first heap   total 395264K, used 340546K [0x00000000c0000000, 0x0000000100000000)
  region size 1024K, 230 young (235520K), 12 survivors (12288K)
 Metaspace       used 21235K, capacity 21641K, committed 22140K, reserved 1069056K
  class space    used 2236K, capacity 2424K, committed 2684K, reserved 1048576K
}
Event: 21.650 GC heap after
{Heap after GC invocations=26 (full 0):
 garbage-first heap   total 395264K, used 119919K [0x00000000c0000000, 0x0000000100000000)
  region size 1024K, 14 young (14336K), 14 survivors (14336K)
 Metaspace       used 21235K, capacity 21641K, committed 22140K, reserved 1069056K
  class space    used 2236K, capacity 2424K, committed 2684K, reserved 1048576K
}
Event: 22.601 GC heap before
{Heap before GC invocations=26 (full 0):
 garbage-first heap   total 395264K, used 340079K [0x00000000c0000000, 0x0000000100000000)
  region size 1024K, 229 young (234496K), 14 survivors (14336K)
 Metaspace       used 21241K, capacity 21641K, committed 22140K, reserved 1069056K
  class space    used 2236K, capacity 2424K, committed 2684K, reserved 1048576K
}
Event: 22.644 GC heap after
{Heap after GC invocations=27 (full 0):
 garbage-first heap   total 395264K, used 123276K [0x00000000c0000000, 0x0000000100000000)
  region size 1024K, 17 young (17408K), 17 survivors (17408K)
 Metaspace       used 21241K, capacity 21641K, committed 22140K, reserved 1069056K
  class space    used 2236K, capacity 2424K, committed 2684K, reserved 1048576K
}
Event: 23.565 GC heap before
{Heap before GC invocations=27 (full 0):
 garbage-first heap   total 395264K, used 337292K [0x00000000c0000000, 0x0000000100000000)
  region size 1024K, 226 young (231424K), 17 survivors (17408K)
 Metaspace       used 21246K, capacity 21641K, committed 22140K, reserved 1069056K
  class space    used 2236K, capacity 2424K, committed 2684K, reserved 1048576K
}
Event: 23.616 GC heap after
{Heap after GC invocations=28 (full 0):
 garbage-first heap   total 395264K, used 125859K [0x00000000c0000000, 0x0000000100000000)
  region size 1024K, 17 young (17408K), 17 survivors (17408K)
 Metaspace       used 21246K, capacity 21641K, committed 22140K, reserved 1069056K
  class space    used 2236K, capacity 2424K, committed 2684K, reserved 1048576K
}
Event: 24.423 GC heap before
{Heap before GC invocations=28 (full 0):
 garbage-first heap   total 395264K, used 337827K [0x00000000c0000000, 0x0000000100000000)
  region size 1024K, 224 young (229376K), 17 survivors (17408K)
 Metaspace       used 21254K, capacity 21641K, committed 22140K, reserved 1069056K
  class space    used 2236K, capacity 2424K, committed 2684K, reserved 1048576K
}
Event: 24.471 GC heap after
{Heap after GC invocations=29 (full 0):
 garbage-first heap   total 395264K, used 128163K [0x00000000c0000000, 0x0000000100000000)
  region size 1024K, 17 young (17408K), 17 survivors (17408K)
 Metaspace       used 21254K, capacity 21641K, committed 22140K, reserved 1069056K
  class space    used 2236K, capacity 2424K, committed 2684K, reserved 1048576K
}
Event: 25.338 GC heap before
{Heap before GC invocations=29 (full 0):
 garbage-first heap   total 395264K, used 337059K [0x00000000c0000000, 0x0000000100000000)
  region size 1024K, 221 young (226304K), 17 survivors (17408K)
 Metaspace       used 21268K, capacity 21641K, committed 22140K, reserved 1069056K
  class space    used 2236K, capacity 2424K, committed 2684K, reserved 1048576K
}

